2015_09_05_balmlb_tormlb_1
http:///mlb.mlb.com/mlb/gameday/index.jsp?gid=2015_09_05_balmlb_tormlb_1
http://gd2.mlb.com/components/game/mlb/year_2015/month_09/day_05/gid_2015_09_05_balmlb_tormlb_1/boxscore.json
2015_09_05_bufaaa_pawaaa_1
http:///mlb.mlb.com/mlb/gameday/index.jsp?gid=2015_09_05_bufaaa_pawaaa_1
http://gd2.mlb.com/components/game/aaa/year_2015/month_09/day_05/gid_2015_09_05_bufaaa_pawaaa_1/boxscore.json
2015_09_05_dunafa_clrafa_1
http:///mlb.mlb.com/mlb/gameday/index.jsp?gid=2015_09_05_dunafa_clrafa_1
http://gd2.mlb.com/components/game/afa/year_2015/month_09/day_05/gid_2015_09_05_dunafa_clrafa_1/boxscore.json
2015_09_05_lanafx_dayafx_1
http:///mlb.mlb.com/mlb/gameday/index.jsp?gid=2015_09_05_lanafx_dayafx_1
http://gd2.mlb.com/components/game/afx/year_2015/month_09/day_05/gid_2015_09_05_lanafx_dayafx_1/boxscore.json
2015_09_05_eveasx_vanasx_1
http:///mlb.mlb.com/mlb/gameday/index.jsp?gid=2015_09_05_eveasx_vanasx_1
http://gd2.mlb.com/components/game/asx/year_2015/month_09/day_05/gid_2015_09_05_eveasx_vanasx_1/boxscore.json
http://gd2.mlb.com/components/game/mlb/year_2015/month_09/day_06/gid_2015_09_06_balmlb_tormlb_1
http:///mlb.mlb.com/mlb/gameday/index.jsp?gid=2015_09_06_balmlb_tormlb_1
http://gd2.mlb.com/components/game/aaa/year_2015/month_09/day_06/gid_2015_09_06_bufaaa_pawaaa_1
http:///mlb.mlb.com/mlb/gameday/index.jsp?gid=2015_09_06_bufaaa_pawaaa_1
http://gd2.mlb.com/components/game/afa/year_2015/month_09/day_06/gid_2015_09_06_dunafa_clrafa_1
http:///mlb.mlb.com/mlb/gameday/index.jsp?gid=2015_09_06_dunafa_clrafa_1
http://gd2.mlb.com/components/game/afx/year_2015/month_09/day_06/gid_2015_09_06_lanafx_dayafx_1
http:///mlb.mlb.com/mlb/gameday/index.jsp?gid=2015_09_06_lanafx_dayafx_1
http://gd2.mlb.com/components/game/asx/year_2015/month_09/day_06/gid_2015_09_06_eveasx_vanasx_1
http:///mlb.mlb.com/mlb/gameday/index.jsp?gid=2015_09_06_eveasx_vanasx_1
http://www.battersbox.ca/backend/geeklog.rdf
http://www.humandchuck.com/feeds/posts/default
http://www.bluebirdbanter.com/rss
2015_09_05_balmlb_tormlb_1
http:///mlb.mlb.com/mlb/gameday/index.jsp?gid=2015_09_05_balmlb_tormlb_1
http://gd2.mlb.com/components/game/mlb/year_2015/month_09/day_05/gid_2015_09_05_balmlb_tormlb_1/boxscore.json
2015_09_05_bufaaa_pawaaa_1
http:///mlb.mlb.com/mlb/gameday/index.jsp?gid=2015_09_05_bufaaa_pawaaa_1
http://gd2.mlb.com/components/game/aaa/year_2015/month_09/day_05/gid_2015_09_05_bufaaa_pawaaa_1/boxscore.json
2015_09_05_dunafa_clrafa_1
http:///mlb.mlb.com/mlb/gameday/index.jsp?gid=2015_09_05_dunafa_clrafa_1
http://gd2.mlb.com/components/game/afa/year_2015/month_09/day_05/gid_2015_09_05_dunafa_clrafa_1/boxscore.json
2015_09_05_lanafx_dayafx_1
http:///mlb.mlb.com/mlb/gameday/index.jsp?gid=2015_09_05_lanafx_dayafx_1
http://gd2.mlb.com/components/game/afx/year_2015/month_09/day_05/gid_2015_09_05_lanafx_dayafx_1/boxscore.json
2015_09_05_eveasx_vanasx_1
http:///mlb.mlb.com/mlb/gameday/index.jsp?gid=2015_09_05_eveasx_vanasx_1
http://gd2.mlb.com/components/game/asx/year_2015/month_09/day_05/gid_2015_09_05_eveasx_vanasx_1/boxscore.json
http://gd2.mlb.com/components/game/mlb/year_2015/month_09/day_06/gid_2015_09_06_balmlb_tormlb_1
http:///mlb.mlb.com/mlb/gameday/index.jsp?gid=2015_09_06_balmlb_tormlb_1
http://gd2.mlb.com/components/game/aaa/year_2015/month_09/day_06/gid_2015_09_06_bufaaa_pawaaa_1
http:///mlb.mlb.com/mlb/gameday/index.jsp?gid=2015_09_06_bufaaa_pawaaa_1
http://gd2.mlb.com/components/game/afa/year_2015/month_09/day_06/gid_2015_09_06_dunafa_clrafa_1
http:///mlb.mlb.com/mlb/gameday/index.jsp?gid=2015_09_06_dunafa_clrafa_1
http://gd2.mlb.com/components/game/afx/year_2015/month_09/day_06/gid_2015_09_06_lanafx_dayafx_1
http:///mlb.mlb.com/mlb/gameday/index.jsp?gid=2015_09_06_lanafx_dayafx_1
http://gd2.mlb.com/components/game/asx/year_2015/month_09/day_06/gid_2015_09_06_eveasx_vanasx_1
http:///mlb.mlb.com/mlb/gameday/index.jsp?gid=2015_09_06_eveasx_vanasx_1
http://www.battersbox.ca/backend/geeklog.rdf
http://www.humandchuck.com/feeds/posts/default
http://www.bluebirdbanter.com/rss
2015_09_05_balmlb_tormlb_1
http:///mlb.mlb.com/mlb/gameday/index.jsp?gid=2015_09_05_balmlb_tormlb_1
http://gd2.mlb.com/components/game/mlb/year_2015/month_09/day_05/gid_2015_09_05_balmlb_tormlb_1/boxscore.json
2015_09_05_bufaaa_pawaaa_1
http:///mlb.mlb.com/mlb/gameday/index.jsp?gid=2015_09_05_bufaaa_pawaaa_1
http://gd2.mlb.com/components/game/aaa/year_2015/month_09/day_05/gid_2015_09_05_bufaaa_pawaaa_1/boxscore.json
2015_09_05_dunafa_clrafa_1
http:///mlb.mlb.com/mlb/gameday/index.jsp?gid=2015_09_05_dunafa_clrafa_1
http://gd2.mlb.com/components/game/afa/year_2015/month_09/day_05/gid_2015_09_05_dunafa_clrafa_1/boxscore.json
2015_09_05_lanafx_dayafx_1
http:///mlb.mlb.com/mlb/gameday/index.jsp?gid=2015_09_05_lanafx_dayafx_1
http://gd2.mlb.com/components/game/afx/year_2015/month_09/day_05/gid_2015_09_05_lanafx_dayafx_1/boxscore.json
2015_09_05_eveasx_vanasx_1
http:///mlb.mlb.com/mlb/gameday/index.jsp?gid=2015_09_05_eveasx_vanasx_1
http://gd2.mlb.com/components/game/asx/year_2015/month_09/day_05/gid_2015_09_05_eveasx_vanasx_1/boxscore.json
http://gd2.mlb.com/components/game/mlb/year_2015/month_09/day_06/gid_2015_09_06_balmlb_tormlb_1
http:///mlb.mlb.com/mlb/gameday/index.jsp?gid=2015_09_06_balmlb_tormlb_1
http://gd2.mlb.com/components/game/aaa/year_2015/month_09/day_06/gid_2015_09_06_bufaaa_pawaaa_1
http:///mlb.mlb.com/mlb/gameday/index.jsp?gid=2015_09_06_bufaaa_pawaaa_1
http://gd2.mlb.com/components/game/afa/year_2015/month_09/day_06/gid_2015_09_06_dunafa_clrafa_1
http:///mlb.mlb.com/mlb/gameday/index.jsp?gid=2015_09_06_dunafa_clrafa_1
http://gd2.mlb.com/components/game/afx/year_2015/month_09/day_06/gid_2015_09_06_lanafx_dayafx_1
http:///mlb.mlb.com/mlb/gameday/index.jsp?gid=2015_09_06_lanafx_dayafx_1
http://gd2.mlb.com/components/game/asx/year_2015/month_09/day_06/gid_2015_09_06_eveasx_vanasx_1
http:///mlb.mlb.com/mlb/gameday/index.jsp?gid=2015_09_06_eveasx_vanasx_1
http://www.battersbox.ca/backend/geeklog.rdf
http://www.humandchuck.com/feeds/posts/default
http://www.bluebirdbanter.com/rss
